97.03.15 20:58 A e:\filest~1\src\iobuffer\buffile.cc --> ftp.cs.fsu.edu /home/cs37/riccardi/cop4540/examples/newiobuffer/dos buffile.cc
97.03.15 20:58 A e:\filest~1\src\iobuffer\buffile.h --> ftp.cs.fsu.edu /home/cs37/riccardi/cop4540/examples/newiobuffer/dos buffile.h
97.03.15 20:58 A e:\filest~1\src\iobuffer\delim.cc --> ftp.cs.fsu.edu /home/cs37/riccardi/cop4540/examples/newiobuffer/dos delim.cc
97.03.15 20:58 A e:\filest~1\src\iobuffer\delim.h --> ftp.cs.fsu.edu /home/cs37/riccardi/cop4540/examples/newiobuffer/dos delim.h
97.03.15 20:58 A e:\filest~1\src\iobuffer\fixfld.cc --> ftp.cs.fsu.edu /home/cs37/riccardi/cop4540/examples/newiobuffer/dos fixfld.cc
97.03.15 20:58 A e:\filest~1\src\iobuffer\fixfld.h --> ftp.cs.fsu.edu /home/cs37/riccardi/cop4540/examples/newiobuffer/dos fixfld.h
97.03.15 20:58 A e:\filest~1\src\iobuffer\fixlen.cc --> ftp.cs.fsu.edu /home/cs37/riccardi/cop4540/examples/newiobuffer/dos fixlen.cc
97.03.15 20:58 A e:\filest~1\src\iobuffer\fixlen.h --> ftp.cs.fsu.edu /home/cs37/riccardi/cop4540/examples/newiobuffer/dos fixlen.h
97.03.15 20:58 A e:\filest~1\src\iobuffer\iobuffer.cc --> ftp.cs.fsu.edu /home/cs37/riccardi/cop4540/examples/newiobuffer/dos iobuffer.cc
97.03.15 20:58 A e:\filest~1\src\iobuffer\iobuffer.h --> ftp.cs.fsu.edu /home/cs37/riccardi/cop4540/examples/newiobuffer/dos iobuffer.h
97.03.15 20:58 A e:\filest~1\src\iobuffer\length.cc --> ftp.cs.fsu.edu /home/cs37/riccardi/cop4540/examples/newiobuffer/dos length.cc
97.03.15 20:58 A e:\filest~1\src\iobuffer\length.h --> ftp.cs.fsu.edu /home/cs37/riccardi/cop4540/examples/newiobuffer/dos length.h
97.03.15 20:58 B e:\filest~1\src\iobuffer\Makefile --> ftp.cs.fsu.edu /home/cs37/riccardi/cop4540/examples/newiobuffer/dos Makefile
97.03.15 20:58 A e:\filest~1\src\iobuffer\person.cc --> ftp.cs.fsu.edu /home/cs37/riccardi/cop4540/examples/newiobuffer/dos person.cc
97.03.15 20:58 A e:\filest~1\src\iobuffer\person.h --> ftp.cs.fsu.edu /home/cs37/riccardi/cop4540/examples/newiobuffer/dos person.h
97.03.15 20:58 A e:\filest~1\src\iobuffer\test.cc --> ftp.cs.fsu.edu /home/cs37/riccardi/cop4540/examples/newiobuffer/dos test.cc
97.03.15 20:58 A e:\filest~1\src\iobuffer\testfile.cc --> ftp.cs.fsu.edu /home/cs37/riccardi/cop4540/examples/newiobuffer/dos testfile.cc
97.03.15 20:58 A e:\filest~1\src\iobuffer\testopen.cc --> ftp.cs.fsu.edu /home/cs37/riccardi/cop4540/examples/newiobuffer/dos testopen.cc
97.03.15 20:58 A e:\filest~1\src\iobuffer\varlen.cc --> ftp.cs.fsu.edu /home/cs37/riccardi/cop4540/examples/newiobuffer/dos varlen.cc
97.03.15 20:58 A e:\filest~1\src\iobuffer\varlen.h --> ftp.cs.fsu.edu /home/cs37/riccardi/cop4540/examples/newiobuffer/dos varlen.h
